  [1m[35m (1.0ms)[0m  [1m[35mCREATE TABLE "schema_migrations" ("version" varchar NOT NULL PRIMARY KEY) /*application='Roteenpotatoes'*/[0m
  [1m[35m (0.5ms)[0m  [1m[35mCREATE TABLE "ar_internal_metadata" ("key" varchar NOT NULL PRIMARY KEY, "value" varchar, "created_at" datetime(6) NOT NULL, "updated_at" datetime(6) NOT NULL) /*application='Roteenpotatoes'*/[0m
  [1m[36mActiveRecord::InternalMetadata Load (0.3ms)[0m  [1m[34mSELECT * FROM "ar_internal_metadata" WHERE "ar_internal_metadata"."key" = 'environment' ORDER BY "ar_internal_metadata"."key" ASC LIMIT 1 /*application='Roteenpotatoes'*/[0m
  [1m[36mActiveRecord::InternalMetadata Create (0.3ms)[0m  [1m[32mINSERT INTO "ar_internal_metadata" ("key", "value", "created_at", "updated_at") VALUES ('environment', 'development', '2026-04-26 15:22:01.045570', '2026-04-26 15:22:01.045574') RETURNING "key" /*application='Roteenpotatoes'*/[0m
  [1m[36mActiveRecord::SchemaMigration Load (0.1ms)[0m  [1m[34mSELECT "schema_migrations"."version" FROM "schema_migrations" ORDER BY "schema_migrations"."version" ASC /*application='Roteenpotatoes'*/[0m
Migrating to CreateMovies (20260426152002)
  [1m[36mTRANSACTION (0.1ms)[0m  [1m[35mBEGIN immediate TRANSACTION /*application='Roteenpotatoes'*/[0m
  [1m[35m (3.9ms)[0m  [1m[35mCREATE TABLE "movies" ("id" integer PRIMARY KEY AUTOINCREMENT NOT NULL, "title" varchar, "rating" varchar, "release_date" date, "created_at" datetime(6) NOT NULL, "updated_at" datetime(6) NOT NULL) /*application='Roteenpotatoes'*/[0m
  [1m[36mActiveRecord::SchemaMigration Create (0.2ms)[0m  [1m[32mINSERT INTO "schema_migrations" ("version") VALUES ('20260426152002') RETURNING "version" /*application='Roteenpotatoes'*/[0m
  [1m[36mTRANSACTION (0.2ms)[0m  [1m[35mCOMMIT TRANSACTION /*application='Roteenpotatoes'*/[0m
  [1m[36mActiveRecord::SchemaMigration Load (0.1ms)[0m  [1m[34mSELECT "schema_migrations"."version" FROM "schema_migrations" ORDER BY "schema_migrations"."version" ASC /*application='Roteenpotatoes'*/[0m
  [1m[36mActiveRecord::InternalMetadata Load (0.3ms)[0m  [1m[34mSELECT * FROM "ar_internal_metadata" WHERE "ar_internal_metadata"."key" = 'environment' ORDER BY "ar_internal_metadata"."key" ASC LIMIT 1 /*application='Roteenpotatoes'*/[0m
  [1m[36mActiveRecord::SchemaMigration Load (0.1ms)[0m  [1m[34mSELECT "schema_migrations"."version" FROM "schema_migrations" ORDER BY "schema_migrations"."version" ASC /*application='Roteenpotatoes'*/[0m
  [1m[36mActiveRecord::SchemaMigration Load (0.1ms)[0m  [1m[34mSELECT "schema_migrations"."version" FROM "schema_migrations" ORDER BY "schema_migrations"."version" ASC /*application='Roteenpotatoes'*/[0m
  [1m[36mActiveRecord::InternalMetadata Load (0.4ms)[0m  [1m[34mSELECT * FROM "ar_internal_metadata" WHERE "ar_internal_metadata"."key" = 'environment' ORDER BY "ar_internal_metadata"."key" ASC LIMIT 1 /*application='Roteenpotatoes'*/[0m
  [1m[36mActiveRecord::SchemaMigration Load (0.1ms)[0m  [1m[34mSELECT "schema_migrations"."version" FROM "schema_migrations" ORDER BY "schema_migrations"."version" ASC /*application='Roteenpotatoes'*/[0m
  [1m[36mActiveRecord::SchemaMigration Load (0.1ms)[0m  [1m[34mSELECT "schema_migrations"."version" FROM "schema_migrations" ORDER BY "schema_migrations"."version" ASC /*application='Roteenpotatoes'*/[0m
Started GET "/" for 127.0.0.1 at 2026-04-26 12:47:47 -0300
  [1m[36mActiveRecord::SchemaMigration Load (1.3ms)[0m  [1m[34mSELECT "schema_migrations"."version" FROM "schema_migrations" ORDER BY "schema_migrations"."version" ASC /*application='Roteenpotatoes'*/[0m
Processing by MoviesController#index as HTML
  Rendering layout layouts/application.html.erb
  Rendering movies/index.html.erb within layouts/application
  [1m[36mMovie Load (3.2ms)[0m  [1m[34mSELECT "movies".* FROM "movies" /*action='index',application='Roteenpotatoes',controller='movies'*/[0m
  ↳ app/views/movies/index.html.erb:18
  Rendered movies/index.html.erb within layouts/application (Duration: 13.2ms | GC: 0.0ms)
  Rendered layout layouts/application.html.erb (Duration: 66.0ms | GC: 0.0ms)
Completed 200 OK in 209ms (Views: 78.5ms | ActiveRecord: 5.3ms (1 query, 0 cached) | GC: 0.0ms)


Started GET "/movies/new" for 127.0.0.1 at 2026-04-26 12:47:52 -0300
Processing by MoviesController#new as HTML
  Rendering layout layouts/application.html.erb
  Rendering movies/new.html.erb within layouts/application
  Rendered movies/_form.html.erb (Duration: 24.1ms | GC: 0.0ms)
  Rendered movies/new.html.erb within layouts/application (Duration: 26.4ms | GC: 0.0ms)
  Rendered layout layouts/application.html.erb (Duration: 27.8ms | GC: 0.0ms)
Completed 200 OK in 46ms (Views: 29.5ms | ActiveRecord: 0.5ms (0 queries, 0 cached) | GC: 0.0ms)


Started POST "/movies" for 127.0.0.1 at 2026-04-26 12:48:03 -0300
Processing by MoviesController#create as TURBO_STREAM
  Parameters: {"authenticity_token" => "[FILTERED]", "movie" => {"title" => "starwars", "rating" => "G", "release_date(1i)" => "2027", "release_date(2i)" => "4", "release_date(3i)" => "26"}, "commit" => "Save Changes"}
  [1m[36mTRANSACTION (0.1ms)[0m  [1m[35mBEGIN immediate TRANSACTION /*action='create',application='Roteenpotatoes',controller='movies'*/[0m
  ↳ app/controllers/movies_controller.rb:24:in 'MoviesController#create'
  [1m[36mMovie Create (3.1ms)[0m  [1m[32mINSERT INTO "movies" ("title", "rating", "release_date", "created_at", "updated_at") VALUES ('starwars', 'G', '2027-04-26', '2026-04-26 15:48:03.717855', '2026-04-26 15:48:03.717855') RETURNING "id" /*action='create',application='Roteenpotatoes',controller='movies'*/[0m
  ↳ app/controllers/movies_controller.rb:24:in 'MoviesController#create'
  [1m[36mTRANSACTION (1.2ms)[0m  [1m[35mCOMMIT TRANSACTION /*action='create',application='Roteenpotatoes',controller='movies'*/[0m
  ↳ app/controllers/movies_controller.rb:24:in 'MoviesController#create'
Redirected to http://127.0.0.1:3000/movies
↳ app/controllers/movies_controller.rb:26:in 'MoviesController#create'
Completed 302 Found in 23ms (ActiveRecord: 4.4ms (1 query, 0 cached) | GC: 0.0ms)


Started GET "/movies" for 127.0.0.1 at 2026-04-26 12:48:03 -0300
Processing by MoviesController#index as TURBO_STREAM
  Rendering layout layouts/application.html.erb
  Rendering movies/index.html.erb within layouts/application
  [1m[36mMovie Load (0.2ms)[0m  [1m[34mSELECT "movies".* FROM "movies" /*action='index',application='Roteenpotatoes',controller='movies'*/[0m
  ↳ app/views/movies/index.html.erb:18
  Rendered movies/index.html.erb within layouts/application (Duration: 4.5ms | GC: 0.0ms)
  Rendered layout layouts/application.html.erb (Duration: 6.2ms | GC: 0.0ms)
Completed 200 OK in 15ms (Views: 7.0ms | ActiveRecord: 0.2ms (1 query, 0 cached) | GC: 0.0ms)


Started GET "/movies/1" for 127.0.0.1 at 2026-04-26 12:48:05 -0300
Processing by MoviesController#show as HTML
  Parameters: {"id" => "1"}
  [1m[36mMovie Load (0.1ms)[0m  [1m[34mSELECT "movies".* FROM "movies" WHERE "movies"."id" = 1 LIMIT 1 /*action='show',application='Roteenpotatoes',controller='movies'*/[0m
  ↳ app/controllers/movies_controller.rb:46:in 'MoviesController#set_movie'
  Rendering layout layouts/application.html.erb
  Rendering movies/show.html.erb within layouts/application
  Rendered movies/_movie.html.erb (Duration: 0.6ms | GC: 0.0ms)
  Rendered movies/show.html.erb within layouts/application (Duration: 5.1ms | GC: 0.0ms)
  Rendered layout layouts/application.html.erb (Duration: 7.2ms | GC: 0.0ms)
Completed 200 OK in 23ms (Views: 8.6ms | ActiveRecord: 0.1ms (1 query, 0 cached) | GC: 0.0ms)


Started GET "/movies/1" for 127.0.0.1 at 2026-04-26 12:48:06 -0300
Processing by MoviesController#show as HTML
  Parameters: {"id" => "1"}
  [1m[36mMovie Load (0.1ms)[0m  [1m[34mSELECT "movies".* FROM "movies" WHERE "movies"."id" = 1 LIMIT 1 /*action='show',application='Roteenpotatoes',controller='movies'*/[0m
  ↳ app/controllers/movies_controller.rb:46:in 'MoviesController#set_movie'
  Rendering layout layouts/application.html.erb
  Rendering movies/show.html.erb within layouts/application
  Rendered movies/_movie.html.erb (Duration: 0.1ms | GC: 0.0ms)
  Rendered movies/show.html.erb within layouts/application (Duration: 0.7ms | GC: 0.0ms)
  Rendered layout layouts/application.html.erb (Duration: 2.0ms | GC: 0.0ms)
Completed 200 OK in 13ms (Views: 3.0ms | ActiveRecord: 0.1ms (1 query, 0 cached) | GC: 0.0ms)


Started GET "/movies/1" for 127.0.0.1 at 2026-04-26 12:48:07 -0300
Processing by MoviesController#show as HTML
  Parameters: {"id" => "1"}
  [1m[36mMovie Load (0.1ms)[0m  [1m[34mSELECT "movies".* FROM "movies" WHERE "movies"."id" = 1 LIMIT 1 /*action='show',application='Roteenpotatoes',controller='movies'*/[0m
  ↳ app/controllers/movies_controller.rb:46:in 'MoviesController#set_movie'
  Rendering layout layouts/application.html.erb
  Rendering movies/show.html.erb within layouts/application
  Rendered movies/_movie.html.erb (Duration: 0.1ms | GC: 0.0ms)
  Rendered movies/show.html.erb within layouts/application (Duration: 1.0ms | GC: 0.0ms)
  Rendered layout layouts/application.html.erb (Duration: 2.9ms | GC: 0.0ms)
Completed 200 OK in 14ms (Views: 4.4ms | ActiveRecord: 0.1ms (1 query, 0 cached) | GC: 0.0ms)


Started GET "/" for 127.0.0.1 at 2026-04-26 14:34:52 -0300
  [1m[36mActiveRecord::SchemaMigration Load (0.4ms)[0m  [1m[34mSELECT "schema_migrations"."version" FROM "schema_migrations" ORDER BY "schema_migrations"."version" ASC /*application='Roteenpotatoes'*/[0m
Processing by MoviesController#index as HTML
  Rendering layout layouts/application.html.erb
  Rendering movies/index.html.erb within layouts/application
  [1m[36mMovie Load (1.4ms)[0m  [1m[34mSELECT "movies".* FROM "movies" WHERE "movies"."rating" IN ('G', 'PG', 'PG-13', 'R', 'NC-17') /*action='index',application='Roteenpotatoes',controller='movies'*/[0m
  ↳ app/views/movies/index.html.erb:32
  Rendered movies/index.html.erb within layouts/application (Duration: 27.8ms | GC: 0.0ms)
  Rendered layout layouts/application.html.erb (Duration: 72.1ms | GC: 0.0ms)
Completed 200 OK in 433ms (Views: 93.1ms | ActiveRecord: 10.4ms (1 query, 0 cached) | GC: 0.0ms)


Started GET "/movies?ratings%5BG%5D=1&ratings%5BPG%5D=1&ratings%5BPG-13%5D=1&ratings%5BR%5D=1&ratings%5BNC-17%5D=1&commit=Refresh" for 127.0.0.1 at 2026-04-26 14:34:56 -0300
Processing by MoviesController#index as HTML
  Parameters: {"ratings" => {"G" => "1", "PG" => "1", "PG-13" => "1", "R" => "1", "NC-17" => "1"}, "commit" => "Refresh"}
  Rendering layout layouts/application.html.erb
  Rendering movies/index.html.erb within layouts/application
  [1m[36mMovie Load (0.2ms)[0m  [1m[34mSELECT "movies".* FROM "movies" WHERE "movies"."rating" IN ('G', 'PG', 'PG-13', 'R', 'NC-17') /*action='index',application='Roteenpotatoes',controller='movies'*/[0m
  ↳ app/views/movies/index.html.erb:32
  Rendered movies/index.html.erb within layouts/application (Duration: 5.4ms | GC: 0.0ms)
  Rendered layout layouts/application.html.erb (Duration: 7.4ms | GC: 0.0ms)
Completed 200 OK in 16ms (Views: 8.8ms | ActiveRecord: 0.2ms (1 query, 0 cached) | GC: 0.0ms)


Started GET "/movies/new" for 127.0.0.1 at 2026-04-26 14:34:57 -0300
Processing by MoviesController#new as HTML
  Rendering layout layouts/application.html.erb
  Rendering movies/new.html.erb within layouts/application
  Rendered movies/_form.html.erb (Duration: 18.8ms | GC: 0.0ms)
  Rendered movies/new.html.erb within layouts/application (Duration: 22.5ms | GC: 0.0ms)
  Rendered layout layouts/application.html.erb (Duration: 24.8ms | GC: 0.0ms)
Completed 200 OK in 36ms (Views: 26.3ms | ActiveRecord: 0.0ms (0 queries, 0 cached) | GC: 0.0ms)


Started POST "/movies" for 127.0.0.1 at 2026-04-26 14:35:09 -0300
Processing by MoviesController#create as TURBO_STREAM
  Parameters: {"authenticity_token" => "[FILTERED]", "movie" => {"title" => "de volta pro futuro", "rating" => "PG-13", "release_date(1i)" => "2029", "release_date(2i)" => "7", "release_date(3i)" => "14"}, "commit" => "Save Changes"}
  [1m[36mTRANSACTION (0.1ms)[0m  [1m[35mBEGIN immediate TRANSACTION /*action='create',application='Roteenpotatoes',controller='movies'*/[0m
  ↳ app/controllers/movies_controller.rb:60:in 'MoviesController#create'
  [1m[36mMovie Create (3.8ms)[0m  [1m[32mINSERT INTO "movies" ("title", "rating", "release_date", "created_at", "updated_at") VALUES ('de volta pro futuro', 'PG-13', '2029-07-14', '2026-04-26 17:35:09.485456', '2026-04-26 17:35:09.485456') RETURNING "id" /*action='create',application='Roteenpotatoes',controller='movies'*/[0m
  ↳ app/controllers/movies_controller.rb:60:in 'MoviesController#create'
  [1m[36mTRANSACTION (1.7ms)[0m  [1m[35mCOMMIT TRANSACTION /*action='create',application='Roteenpotatoes',controller='movies'*/[0m
  ↳ app/controllers/movies_controller.rb:60:in 'MoviesController#create'
Redirected to http://127.0.0.1:3000/movies
↳ app/controllers/movies_controller.rb:62:in 'MoviesController#create'
Completed 302 Found in 24ms (ActiveRecord: 5.6ms (1 query, 0 cached) | GC: 0.0ms)


Started GET "/movies" for 127.0.0.1 at 2026-04-26 14:35:09 -0300
Processing by MoviesController#index as TURBO_STREAM
Redirected to http://127.0.0.1:3000/movies?ratings%5BG%5D=1&ratings%5BNC-17%5D=1&ratings%5BPG%5D=1&ratings%5BPG-13%5D=1&ratings%5BR%5D=1
↳ app/controllers/movies_controller.rb:33:in 'MoviesController#index'
Completed 302 Found in 11ms (ActiveRecord: 0.0ms (0 queries, 0 cached) | GC: 0.0ms)


Started GET "/movies?ratings%5BG%5D=1&ratings%5BNC-17%5D=1&ratings%5BPG%5D=1&ratings%5BPG-13%5D=1&ratings%5BR%5D=1" for 127.0.0.1 at 2026-04-26 14:35:09 -0300
Processing by MoviesController#index as TURBO_STREAM
  Parameters: {"ratings" => {"G" => "1", "NC-17" => "1", "PG" => "1", "PG-13" => "1", "R" => "1"}}
  Rendering layout layouts/application.html.erb
  Rendering movies/index.html.erb within layouts/application
  [1m[36mMovie Load (0.2ms)[0m  [1m[34mSELECT "movies".* FROM "movies" WHERE "movies"."rating" IN ('G', 'NC-17', 'PG', 'PG-13', 'R') /*action='index',application='Roteenpotatoes',controller='movies'*/[0m
  ↳ app/views/movies/index.html.erb:32
  Rendered movies/index.html.erb within layouts/application (Duration: 5.4ms | GC: 0.0ms)
  Rendered layout layouts/application.html.erb (Duration: 7.5ms | GC: 0.0ms)
Completed 200 OK in 19ms (Views: 8.7ms | ActiveRecord: 0.2ms (1 query, 0 cached) | GC: 0.0ms)


Started GET "/movies?ratings%5BG%5D=1&ratings%5BPG%5D=1&ratings%5BPG-13%5D=1&ratings%5BR%5D=1&ratings%5BNC-17%5D=1&commit=Refresh" for 127.0.0.1 at 2026-04-26 14:35:12 -0300
Processing by MoviesController#index as HTML
  Parameters: {"ratings" => {"G" => "1", "PG" => "1", "PG-13" => "1", "R" => "1", "NC-17" => "1"}, "commit" => "Refresh"}
  Rendering layout layouts/application.html.erb
  Rendering movies/index.html.erb within layouts/application
  [1m[36mMovie Load (0.3ms)[0m  [1m[34mSELECT "movies".* FROM "movies" WHERE "movies"."rating" IN ('G', 'PG', 'PG-13', 'R', 'NC-17') /*action='index',application='Roteenpotatoes',controller='movies'*/[0m
  ↳ app/views/movies/index.html.erb:32
  Rendered movies/index.html.erb within layouts/application (Duration: 5.4ms | GC: 0.0ms)
  Rendered layout layouts/application.html.erb (Duration: 7.5ms | GC: 0.0ms)
Completed 200 OK in 16ms (Views: 8.5ms | ActiveRecord: 0.3ms (1 query, 0 cached) | GC: 0.0ms)


Started GET "/movies?ratings%5BG%5D=1&ratings%5BPG%5D=1&ratings%5BPG-13%5D=1&ratings%5BR%5D=1&ratings%5BNC-17%5D=1&commit=Refresh" for 127.0.0.1 at 2026-04-26 14:35:13 -0300
Processing by MoviesController#index as HTML
  Parameters: {"ratings" => {"G" => "1", "PG" => "1", "PG-13" => "1", "R" => "1", "NC-17" => "1"}, "commit" => "Refresh"}
  Rendering layout layouts/application.html.erb
  Rendering movies/index.html.erb within layouts/application
  [1m[36mMovie Load (0.5ms)[0m  [1m[34mSELECT "movies".* FROM "movies" WHERE "movies"."rating" IN ('G', 'PG', 'PG-13', 'R', 'NC-17') /*action='index',application='Roteenpotatoes',controller='movies'*/[0m
  ↳ app/views/movies/index.html.erb:32
  Rendered movies/index.html.erb within layouts/application (Duration: 5.1ms | GC: 0.0ms)
  Rendered layout layouts/application.html.erb (Duration: 7.1ms | GC: 0.0ms)
Completed 200 OK in 17ms (Views: 7.9ms | ActiveRecord: 0.5ms (1 query, 0 cached) | GC: 0.0ms)


Started GET "/movies/1" for 127.0.0.1 at 2026-04-26 14:35:14 -0300
Processing by MoviesController#show as HTML
  Parameters: {"id" => "1"}
  [1m[36mMovie Load (0.2ms)[0m  [1m[34mSELECT "movies".* FROM "movies" WHERE "movies"."id" = 1 LIMIT 1 /*action='show',application='Roteenpotatoes',controller='movies'*/[0m
  ↳ app/controllers/movies_controller.rb:82:in 'MoviesController#set_movie'
  Rendering layout layouts/application.html.erb
  Rendering movies/show.html.erb within layouts/application
  Rendered movies/_movie.html.erb (Duration: 0.7ms | GC: 0.0ms)
  Rendered movies/show.html.erb within layouts/application (Duration: 8.0ms | GC: 0.0ms)
  Rendered layout layouts/application.html.erb (Duration: 10.2ms | GC: 0.0ms)
Completed 200 OK in 31ms (Views: 11.7ms | ActiveRecord: 0.2ms (1 query, 0 cached) | GC: 0.0ms)


Started GET "/movies" for 127.0.0.1 at 2026-04-26 14:35:16 -0300
Processing by MoviesController#index as HTML
Redirected to http://127.0.0.1:3000/movies?ratings%5BG%5D=1&ratings%5BNC-17%5D=1&ratings%5BPG%5D=1&ratings%5BPG-13%5D=1&ratings%5BR%5D=1
↳ app/controllers/movies_controller.rb:33:in 'MoviesController#index'
Completed 302 Found in 12ms (ActiveRecord: 0.0ms (0 queries, 0 cached) | GC: 0.0ms)


Started GET "/movies?ratings%5BG%5D=1&ratings%5BNC-17%5D=1&ratings%5BPG%5D=1&ratings%5BPG-13%5D=1&ratings%5BR%5D=1" for 127.0.0.1 at 2026-04-26 14:35:16 -0300
Processing by MoviesController#index as HTML
  Parameters: {"ratings" => {"G" => "1", "NC-17" => "1", "PG" => "1", "PG-13" => "1", "R" => "1"}}
  Rendering layout layouts/application.html.erb
  Rendering movies/index.html.erb within layouts/application
  [1m[36mMovie Load (0.4ms)[0m  [1m[34mSELECT "movies".* FROM "movies" WHERE "movies"."rating" IN ('G', 'NC-17', 'PG', 'PG-13', 'R') /*action='index',application='Roteenpotatoes',controller='movies'*/[0m
  ↳ app/views/movies/index.html.erb:32
  Rendered movies/index.html.erb within layouts/application (Duration: 6.0ms | GC: 0.0ms)
  Rendered layout layouts/application.html.erb (Duration: 7.9ms | GC: 0.0ms)
Completed 200 OK in 18ms (Views: 9.1ms | ActiveRecord: 0.4ms (1 query, 0 cached) | GC: 0.0ms)


Started GET "/movies/1/edit" for 127.0.0.1 at 2026-04-26 14:35:17 -0300
Processing by MoviesController#edit as HTML
  Parameters: {"id" => "1"}
  [1m[36mMovie Load (0.1ms)[0m  [1m[34mSELECT "movies".* FROM "movies" WHERE "movies"."id" = 1 LIMIT 1 /*action='edit',application='Roteenpotatoes',controller='movies'*/[0m
  ↳ app/controllers/movies_controller.rb:82:in 'MoviesController#set_movie'
  Rendering layout layouts/application.html.erb
  Rendering movies/edit.html.erb within layouts/application
  Rendered movies/_form.html.erb (Duration: 2.3ms | GC: 0.0ms)
  Rendered movies/edit.html.erb within layouts/application (Duration: 4.3ms | GC: 0.0ms)
  Rendered layout layouts/application.html.erb (Duration: 7.1ms | GC: 0.0ms)
Completed 200 OK in 22ms (Views: 9.0ms | ActiveRecord: 0.1ms (1 query, 0 cached) | GC: 0.0ms)


Started GET "/movies" for 127.0.0.1 at 2026-04-26 14:35:20 -0300
Processing by MoviesController#index as HTML
Redirected to http://127.0.0.1:3000/movies?ratings%5BG%5D=1&ratings%5BNC-17%5D=1&ratings%5BPG%5D=1&ratings%5BPG-13%5D=1&ratings%5BR%5D=1
↳ app/controllers/movies_controller.rb:33:in 'MoviesController#index'
Completed 302 Found in 12ms (ActiveRecord: 0.0ms (0 queries, 0 cached) | GC: 0.0ms)


Started GET "/movies?ratings%5BG%5D=1&ratings%5BNC-17%5D=1&ratings%5BPG%5D=1&ratings%5BPG-13%5D=1&ratings%5BR%5D=1" for 127.0.0.1 at 2026-04-26 14:35:20 -0300
Processing by MoviesController#index as HTML
  Parameters: {"ratings" => {"G" => "1", "NC-17" => "1", "PG" => "1", "PG-13" => "1", "R" => "1"}}
  Rendering layout layouts/application.html.erb
  Rendering movies/index.html.erb within layouts/application
  [1m[36mMovie Load (0.4ms)[0m  [1m[34mSELECT "movies".* FROM "movies" WHERE "movies"."rating" IN ('G', 'NC-17', 'PG', 'PG-13', 'R') /*action='index',application='Roteenpotatoes',controller='movies'*/[0m
  ↳ app/views/movies/index.html.erb:32
  Rendered movies/index.html.erb within layouts/application (Duration: 6.0ms | GC: 0.0ms)
  Rendered layout layouts/application.html.erb (Duration: 7.9ms | GC: 0.0ms)
Completed 200 OK in 18ms (Views: 8.8ms | ActiveRecord: 0.4ms (1 query, 0 cached) | GC: 0.0ms)


Started GET "/movies/2" for 127.0.0.1 at 2026-04-26 14:35:22 -0300
Processing by MoviesController#show as HTML
  Parameters: {"id" => "2"}
  [1m[36mMovie Load (0.1ms)[0m  [1m[34mSELECT "movies".* FROM "movies" WHERE "movies"."id" = 2 LIMIT 1 /*action='show',application='Roteenpotatoes',controller='movies'*/[0m
  ↳ app/controllers/movies_controller.rb:82:in 'MoviesController#set_movie'
  Rendering layout layouts/application.html.erb
  Rendering movies/show.html.erb within layouts/application
  Rendered movies/_movie.html.erb (Duration: 0.1ms | GC: 0.0ms)
  Rendered movies/show.html.erb within layouts/application (Duration: 1.4ms | GC: 0.0ms)
  Rendered layout layouts/application.html.erb (Duration: 4.7ms | GC: 0.0ms)
Completed 200 OK in 17ms (Views: 6.1ms | ActiveRecord: 0.1ms (1 query, 0 cached) | GC: 0.0ms)


Started GET "/movies/1" for 127.0.0.1 at 2026-04-26 14:35:23 -0300
Processing by MoviesController#show as HTML
  Parameters: {"id" => "1"}
  [1m[36mMovie Load (0.3ms)[0m  [1m[34mSELECT "movies".* FROM "movies" WHERE "movies"."id" = 1 LIMIT 1 /*action='show',application='Roteenpotatoes',controller='movies'*/[0m
  ↳ app/controllers/movies_controller.rb:82:in 'MoviesController#set_movie'
  Rendering layout layouts/application.html.erb
  Rendering movies/show.html.erb within layouts/application
  Rendered movies/_movie.html.erb (Duration: 0.1ms | GC: 0.0ms)
  Rendered movies/show.html.erb within layouts/application (Duration: 1.3ms | GC: 0.0ms)
  Rendered layout layouts/application.html.erb (Duration: 3.4ms | GC: 0.0ms)
Completed 200 OK in 16ms (Views: 4.7ms | ActiveRecord: 0.3ms (1 query, 0 cached) | GC: 0.0ms)


Started GET "/movies/2" for 127.0.0.1 at 2026-04-26 14:35:35 -0300
Processing by MoviesController#show as HTML
  Parameters: {"id" => "2"}
  [1m[36mMovie Load (0.2ms)[0m  [1m[34mSELECT "movies".* FROM "movies" WHERE "movies"."id" = 2 LIMIT 1 /*action='show',application='Roteenpotatoes',controller='movies'*/[0m
  ↳ app/controllers/movies_controller.rb:82:in 'MoviesController#set_movie'
  Rendering layout layouts/application.html.erb
  Rendering movies/show.html.erb within layouts/application
  Rendered movies/_movie.html.erb (Duration: 0.1ms | GC: 0.0ms)
  Rendered movies/show.html.erb within layouts/application (Duration: 1.1ms | GC: 0.0ms)
  Rendered layout layouts/application.html.erb (Duration: 3.2ms | GC: 0.0ms)
Completed 200 OK in 17ms (Views: 4.7ms | ActiveRecord: 0.2ms (1 query, 0 cached) | GC: 0.0ms)


Started GET "/movies/2/edit" for 127.0.0.1 at 2026-04-26 14:35:41 -0300
Processing by MoviesController#edit as HTML
  Parameters: {"id" => "2"}
  [1m[36mMovie Load (0.2ms)[0m  [1m[34mSELECT "movies".* FROM "movies" WHERE "movies"."id" = 2 LIMIT 1 /*action='edit',application='Roteenpotatoes',controller='movies'*/[0m
  ↳ app/controllers/movies_controller.rb:82:in 'MoviesController#set_movie'
  Rendering layout layouts/application.html.erb
  Rendering movies/edit.html.erb within layouts/application
  Rendered movies/_form.html.erb (Duration: 2.5ms | GC: 0.0ms)
  Rendered movies/edit.html.erb within layouts/application (Duration: 3.9ms | GC: 0.0ms)
  Rendered layout layouts/application.html.erb (Duration: 6.2ms | GC: 0.0ms)
Completed 200 OK in 19ms (Views: 7.7ms | ActiveRecord: 0.2ms (1 query, 0 cached) | GC: 0.0ms)


Started GET "/movies?ratings%5BG%5D=1&ratings%5BNC-17%5D=1&ratings%5BPG%5D=1&ratings%5BPG-13%5D=1&ratings%5BR%5D=1&sort_by=release_date" for 127.0.0.1 at 2026-04-26 14:35:47 -0300
Processing by MoviesController#index as HTML
  Parameters: {"ratings" => {"G" => "1", "NC-17" => "1", "PG" => "1", "PG-13" => "1", "R" => "1"}, "sort_by" => "release_date"}
  Rendering layout layouts/application.html.erb
  Rendering movies/index.html.erb within layouts/application
  [1m[36mMovie Load (0.2ms)[0m  [1m[34mSELECT "movies".* FROM "movies" WHERE "movies"."rating" IN ('G', 'NC-17', 'PG', 'PG-13', 'R') ORDER BY release_date /*action='index',application='Roteenpotatoes',controller='movies'*/[0m
  ↳ app/views/movies/index.html.erb:32
  Rendered movies/index.html.erb within layouts/application (Duration: 4.8ms | GC: 0.0ms)
  Rendered layout layouts/application.html.erb (Duration: 6.9ms | GC: 0.0ms)
Completed 200 OK in 18ms (Views: 8.1ms | ActiveRecord: 0.2ms (1 query, 0 cached) | GC: 0.0ms)


Started GET "/movies" for 127.0.0.1 at 2026-04-26 14:40:12 -0300
  [1m[36mActiveRecord::SchemaMigration Load (0.2ms)[0m  [1m[34mSELECT "schema_migrations"."version" FROM "schema_migrations" ORDER BY "schema_migrations"."version" ASC /*application='Roteenpotatoes'*/[0m
Processing by MoviesController#index as HTML
Redirected to http://127.0.0.1:3000/movies?ratings%5BG%5D=1&ratings%5BNC-17%5D=1&ratings%5BPG%5D=1&ratings%5BPG-13%5D=1&ratings%5BR%5D=1&sort_by=release_date
↳ app/controllers/movies_controller.rb:33:in 'MoviesController#index'
Completed 302 Found in 58ms (ActiveRecord: 0.0ms (0 queries, 0 cached) | GC: 0.0ms)


Started GET "/movies?ratings%5BG%5D=1&ratings%5BNC-17%5D=1&ratings%5BPG%5D=1&ratings%5BPG-13%5D=1&ratings%5BR%5D=1&sort_by=release_date" for 127.0.0.1 at 2026-04-26 14:40:13 -0300
Processing by MoviesController#index as HTML
  Parameters: {"ratings" => {"G" => "1", "NC-17" => "1", "PG" => "1", "PG-13" => "1", "R" => "1"}, "sort_by" => "release_date"}
  Rendering layout layouts/application.html.erb
  Rendering movies/index.html.erb within layouts/application
  [1m[36mMovie Load (0.2ms)[0m  [1m[34mSELECT "movies".* FROM "movies" WHERE "movies"."rating" IN ('G', 'NC-17', 'PG', 'PG-13', 'R') ORDER BY release_date /*action='index',application='Roteenpotatoes',controller='movies'*/[0m
  ↳ app/views/movies/index.html.erb:32
  Rendered movies/index.html.erb within layouts/application (Duration: 12.0ms | GC: 0.0ms)
  Rendered layout layouts/application.html.erb (Duration: 44.8ms | GC: 0.0ms)
Completed 200 OK in 119ms (Views: 55.7ms | ActiveRecord: 8.9ms (1 query, 0 cached) | GC: 0.0ms)


Started GET "/movies/1" for 127.0.0.1 at 2026-04-26 14:40:15 -0300
Processing by MoviesController#show as HTML
  Parameters: {"id" => "1"}
  [1m[36mMovie Load (0.2ms)[0m  [1m[34mSELECT "movies".* FROM "movies" WHERE "movies"."id" = 1 LIMIT 1 /*action='show',application='Roteenpotatoes',controller='movies'*/[0m
  ↳ app/controllers/movies_controller.rb:82:in 'MoviesController#set_movie'
  Rendering layout layouts/application.html.erb
  Rendering movies/show.html.erb within layouts/application
  Rendered movies/_movie.html.erb (Duration: 0.5ms | GC: 0.0ms)
  Rendered movies/show.html.erb within layouts/application (Duration: 5.3ms | GC: 0.0ms)
  Rendered layout layouts/application.html.erb (Duration: 7.0ms | GC: 0.0ms)
Completed 200 OK in 133ms (Views: 8.3ms | ActiveRecord: 0.2ms (1 query, 0 cached) | GC: 0.0ms)


Started GET "/movies/1" for 127.0.0.1 at 2026-04-26 14:40:16 -0300
Processing by MoviesController#show as HTML
  Parameters: {"id" => "1"}
  [1m[36mMovie Load (0.1ms)[0m  [1m[34mSELECT "movies".* FROM "movies" WHERE "movies"."id" = 1 LIMIT 1 /*action='show',application='Roteenpotatoes',controller='movies'*/[0m
  ↳ app/controllers/movies_controller.rb:82:in 'MoviesController#set_movie'
  Rendering layout layouts/application.html.erb
  Rendering movies/show.html.erb within layouts/application
  Rendered movies/_movie.html.erb (Duration: 0.1ms | GC: 0.0ms)
  Rendered movies/show.html.erb within layouts/application (Duration: 0.9ms | GC: 0.0ms)
  Rendered layout layouts/application.html.erb (Duration: 2.5ms | GC: 0.0ms)
Completed 200 OK in 15ms (Views: 3.6ms | ActiveRecord: 0.1ms (1 query, 0 cached) | GC: 0.0ms)


Started GET "/movies/2" for 127.0.0.1 at 2026-04-26 14:40:18 -0300
Processing by MoviesController#show as HTML
  Parameters: {"id" => "2"}
  [1m[36mMovie Load (0.1ms)[0m  [1m[34mSELECT "movies".* FROM "movies" WHERE "movies"."id" = 2 LIMIT 1 /*action='show',application='Roteenpotatoes',controller='movies'*/[0m
  ↳ app/controllers/movies_controller.rb:82:in 'MoviesController#set_movie'
  Rendering layout layouts/application.html.erb
  Rendering movies/show.html.erb within layouts/application
  Rendered movies/_movie.html.erb (Duration: 0.1ms | GC: 0.0ms)
  Rendered movies/show.html.erb within layouts/application (Duration: 0.9ms | GC: 0.0ms)
  Rendered layout layouts/application.html.erb (Duration: 2.7ms | GC: 0.0ms)
Completed 200 OK in 16ms (Views: 3.9ms | ActiveRecord: 0.1ms (1 query, 0 cached) | GC: 0.0ms)


Started GET "/movies?ratings%5BG%5D=1&ratings%5BNC-17%5D=1&ratings%5BPG%5D=1&ratings%5BPG-13%5D=1&ratings%5BR%5D=1&sort_by=title" for 127.0.0.1 at 2026-04-26 14:40:21 -0300
Processing by MoviesController#index as HTML
  Parameters: {"ratings" => {"G" => "1", "NC-17" => "1", "PG" => "1", "PG-13" => "1", "R" => "1"}, "sort_by" => "title"}
  Rendering layout layouts/application.html.erb
  Rendering movies/index.html.erb within layouts/application
  [1m[36mMovie Load (0.2ms)[0m  [1m[34mSELECT "movies".* FROM "movies" WHERE "movies"."rating" IN ('G', 'NC-17', 'PG', 'PG-13', 'R') ORDER BY title /*action='index',application='Roteenpotatoes',controller='movies'*/[0m
  ↳ app/views/movies/index.html.erb:32
  Rendered movies/index.html.erb within layouts/application (Duration: 5.4ms | GC: 0.0ms)
  Rendered layout layouts/application.html.erb (Duration: 7.8ms | GC: 0.0ms)
Completed 200 OK in 17ms (Views: 8.7ms | ActiveRecord: 0.2ms (1 query, 0 cached) | GC: 0.0ms)


Started GET "/movies?ratings%5BG%5D=1&ratings%5BNC-17%5D=1&ratings%5BPG%5D=1&ratings%5BPG-13%5D=1&ratings%5BR%5D=1&sort_by=title" for 127.0.0.1 at 2026-04-26 14:40:22 -0300
Processing by MoviesController#index as HTML
  Parameters: {"ratings" => {"G" => "1", "NC-17" => "1", "PG" => "1", "PG-13" => "1", "R" => "1"}, "sort_by" => "title"}
  Rendering layout layouts/application.html.erb
  Rendering movies/index.html.erb within layouts/application
  [1m[36mMovie Load (1.0ms)[0m  [1m[34mSELECT "movies".* FROM "movies" WHERE "movies"."rating" IN ('G', 'NC-17', 'PG', 'PG-13', 'R') ORDER BY title /*action='index',application='Roteenpotatoes',controller='movies'*/[0m
  ↳ app/views/movies/index.html.erb:32
  Rendered movies/index.html.erb within layouts/application (Duration: 5.5ms | GC: 0.0ms)
  Rendered layout layouts/application.html.erb (Duration: 7.1ms | GC: 0.0ms)
Completed 200 OK in 14ms (Views: 7.4ms | ActiveRecord: 0.9ms (1 query, 0 cached) | GC: 0.0ms)


Started GET "/movies?ratings%5BG%5D=1&ratings%5BNC-17%5D=1&ratings%5BPG%5D=1&ratings%5BPG-13%5D=1&ratings%5BR%5D=1&sort_by=release_date" for 127.0.0.1 at 2026-04-26 14:40:23 -0300
Processing by MoviesController#index as HTML
  Parameters: {"ratings" => {"G" => "1", "NC-17" => "1", "PG" => "1", "PG-13" => "1", "R" => "1"}, "sort_by" => "release_date"}
  Rendering layout layouts/application.html.erb
  Rendering movies/index.html.erb within layouts/application
  [1m[36mMovie Load (0.3ms)[0m  [1m[34mSELECT "movies".* FROM "movies" WHERE "movies"."rating" IN ('G', 'NC-17', 'PG', 'PG-13', 'R') ORDER BY release_date /*action='index',application='Roteenpotatoes',controller='movies'*/[0m
  ↳ app/views/movies/index.html.erb:32
  Rendered movies/index.html.erb within layouts/application (Duration: 4.1ms | GC: 0.0ms)
  Rendered layout layouts/application.html.erb (Duration: 5.9ms | GC: 0.0ms)
Completed 200 OK in 15ms (Views: 6.9ms | ActiveRecord: 0.3ms (1 query, 0 cached) | GC: 0.0ms)


Started GET "/movies?ratings%5BG%5D=1&ratings%5BNC-17%5D=1&ratings%5BPG%5D=1&ratings%5BPG-13%5D=1&ratings%5BR%5D=1&sort_by=title" for 127.0.0.1 at 2026-04-26 14:40:24 -0300
Processing by MoviesController#index as HTML
  Parameters: {"ratings" => {"G" => "1", "NC-17" => "1", "PG" => "1", "PG-13" => "1", "R" => "1"}, "sort_by" => "title"}
  Rendering layout layouts/application.html.erb
  Rendering movies/index.html.erb within layouts/application
  [1m[36mMovie Load (0.9ms)[0m  [1m[34mSELECT "movies".* FROM "movies" WHERE "movies"."rating" IN ('G', 'NC-17', 'PG', 'PG-13', 'R') ORDER BY title /*action='index',application='Roteenpotatoes',controller='movies'*/[0m
  ↳ app/views/movies/index.html.erb:32
  Rendered movies/index.html.erb within layouts/application (Duration: 5.6ms | GC: 0.0ms)
  Rendered layout layouts/application.html.erb (Duration: 7.3ms | GC: 0.0ms)
Completed 200 OK in 18ms (Views: 8.0ms | ActiveRecord: 0.9ms (1 query, 0 cached) | GC: 0.0ms)


Started GET "/movies?ratings%5BG%5D=1&ratings%5BNC-17%5D=1&ratings%5BPG%5D=1&ratings%5BPG-13%5D=1&ratings%5BR%5D=1&sort_by=release_date" for 127.0.0.1 at 2026-04-26 14:40:25 -0300
Processing by MoviesController#index as HTML
  Parameters: {"ratings" => {"G" => "1", "NC-17" => "1", "PG" => "1", "PG-13" => "1", "R" => "1"}, "sort_by" => "release_date"}
  Rendering layout layouts/application.html.erb
  Rendering movies/index.html.erb within layouts/application
  [1m[36mMovie Load (0.2ms)[0m  [1m[34mSELECT "movies".* FROM "movies" WHERE "movies"."rating" IN ('G', 'NC-17', 'PG', 'PG-13', 'R') ORDER BY release_date /*action='index',application='Roteenpotatoes',controller='movies'*/[0m
  ↳ app/views/movies/index.html.erb:32
  Rendered movies/index.html.erb within layouts/application (Duration: 5.0ms | GC: 0.0ms)
  Rendered layout layouts/application.html.erb (Duration: 7.0ms | GC: 0.0ms)
Completed 200 OK in 18ms (Views: 7.9ms | ActiveRecord: 0.2ms (1 query, 0 cached) | GC: 0.0ms)


Started GET "/movies?ratings%5BG%5D=1&ratings%5BNC-17%5D=1&ratings%5BPG%5D=1&ratings%5BPG-13%5D=1&ratings%5BR%5D=1&sort_by=title" for 127.0.0.1 at 2026-04-26 14:40:26 -0300
Processing by MoviesController#index as HTML
  Parameters: {"ratings" => {"G" => "1", "NC-17" => "1", "PG" => "1", "PG-13" => "1", "R" => "1"}, "sort_by" => "title"}
  Rendering layout layouts/application.html.erb
  Rendering movies/index.html.erb within layouts/application
  [1m[36mMovie Load (0.2ms)[0m  [1m[34mSELECT "movies".* FROM "movies" WHERE "movies"."rating" IN ('G', 'NC-17', 'PG', 'PG-13', 'R') ORDER BY title /*action='index',application='Roteenpotatoes',controller='movies'*/[0m
  ↳ app/views/movies/index.html.erb:32
  Rendered movies/index.html.erb within layouts/application (Duration: 3.9ms | GC: 0.0ms)
  Rendered layout layouts/application.html.erb (Duration: 5.3ms | GC: 0.0ms)
Completed 200 OK in 15ms (Views: 6.9ms | ActiveRecord: 0.2ms (1 query, 0 cached) | GC: 0.0ms)


Started GET "/movies?ratings%5BG%5D=1&ratings%5BNC-17%5D=1&ratings%5BPG%5D=1&ratings%5BPG-13%5D=1&ratings%5BR%5D=1&sort_by=release_date" for 127.0.0.1 at 2026-04-26 14:40:27 -0300
Processing by MoviesController#index as HTML
  Parameters: {"ratings" => {"G" => "1", "NC-17" => "1", "PG" => "1", "PG-13" => "1", "R" => "1"}, "sort_by" => "release_date"}
  Rendering layout layouts/application.html.erb
  Rendering movies/index.html.erb within layouts/application
  [1m[36mMovie Load (0.3ms)[0m  [1m[34mSELECT "movies".* FROM "movies" WHERE "movies"."rating" IN ('G', 'NC-17', 'PG', 'PG-13', 'R') ORDER BY release_date /*action='index',application='Roteenpotatoes',controller='movies'*/[0m
  ↳ app/views/movies/index.html.erb:32
  Rendered movies/index.html.erb within layouts/application (Duration: 6.4ms | GC: 0.0ms)
  Rendered layout layouts/application.html.erb (Duration: 8.0ms | GC: 0.0ms)
Completed 200 OK in 19ms (Views: 9.1ms | ActiveRecord: 0.3ms (1 query, 0 cached) | GC: 0.0ms)


Started GET "/movies?ratings%5BG%5D=1&ratings%5BNC-17%5D=1&ratings%5BPG%5D=1&ratings%5BPG-13%5D=1&ratings%5BR%5D=1&sort_by=title" for 127.0.0.1 at 2026-04-26 14:40:28 -0300
Processing by MoviesController#index as HTML
  Parameters: {"ratings" => {"G" => "1", "NC-17" => "1", "PG" => "1", "PG-13" => "1", "R" => "1"}, "sort_by" => "title"}
  Rendering layout layouts/application.html.erb
  Rendering movies/index.html.erb within layouts/application
  [1m[36mMovie Load (0.2ms)[0m  [1m[34mSELECT "movies".* FROM "movies" WHERE "movies"."rating" IN ('G', 'NC-17', 'PG', 'PG-13', 'R') ORDER BY title /*action='index',application='Roteenpotatoes',controller='movies'*/[0m
  ↳ app/views/movies/index.html.erb:32
  Rendered movies/index.html.erb within layouts/application (Duration: 5.9ms | GC: 0.0ms)
  Rendered layout layouts/application.html.erb (Duration: 7.9ms | GC: 0.0ms)
Completed 200 OK in 15ms (Views: 8.8ms | ActiveRecord: 0.2ms (1 query, 0 cached) | GC: 0.0ms)


Started GET "/movies?ratings%5BG%5D=1&ratings%5BNC-17%5D=1&ratings%5BPG%5D=1&ratings%5BPG-13%5D=1&ratings%5BR%5D=1&sort_by=release_date" for 127.0.0.1 at 2026-04-26 14:40:29 -0300
Processing by MoviesController#index as HTML
  Parameters: {"ratings" => {"G" => "1", "NC-17" => "1", "PG" => "1", "PG-13" => "1", "R" => "1"}, "sort_by" => "release_date"}
  Rendering layout layouts/application.html.erb
  Rendering movies/index.html.erb within layouts/application
  [1m[36mMovie Load (0.2ms)[0m  [1m[34mSELECT "movies".* FROM "movies" WHERE "movies"."rating" IN ('G', 'NC-17', 'PG', 'PG-13', 'R') ORDER BY release_date /*action='index',application='Roteenpotatoes',controller='movies'*/[0m
  ↳ app/views/movies/index.html.erb:32
  Rendered movies/index.html.erb within layouts/application (Duration: 5.2ms | GC: 0.0ms)
  Rendered layout layouts/application.html.erb (Duration: 6.7ms | GC: 0.0ms)
Completed 200 OK in 17ms (Views: 7.5ms | ActiveRecord: 0.2ms (1 query, 0 cached) | GC: 0.0ms)


Started GET "/movies/new" for 127.0.0.1 at 2026-04-26 14:40:31 -0300
Processing by MoviesController#new as HTML
  Rendering layout layouts/application.html.erb
  Rendering movies/new.html.erb within layouts/application
  Rendered movies/_form.html.erb (Duration: 16.0ms | GC: 0.0ms)
  Rendered movies/new.html.erb within layouts/application (Duration: 19.4ms | GC: 0.0ms)
  Rendered layout layouts/application.html.erb (Duration: 21.3ms | GC: 0.0ms)
Completed 200 OK in 33ms (Views: 22.4ms | ActiveRecord: 0.0ms (0 queries, 0 cached) | GC: 0.0ms)


Started GET "/movies?ratings%5BPG-13%5D=1&ratings%5BR%5D=1&ratings%5BNC-17%5D=1&sort_by=release_date&commit=Refresh" for 127.0.0.1 at 2026-04-26 14:40:35 -0300
Processing by MoviesController#index as HTML
  Parameters: {"ratings" => {"PG-13" => "1", "R" => "1", "NC-17" => "1"}, "sort_by" => "release_date", "commit" => "Refresh"}
  Rendering layout layouts/application.html.erb
  Rendering movies/index.html.erb within layouts/application
  [1m[36mMovie Load (0.3ms)[0m  [1m[34mSELECT "movies".* FROM "movies" WHERE "movies"."rating" IN ('PG-13', 'R', 'NC-17') ORDER BY release_date /*action='index',application='Roteenpotatoes',controller='movies'*/[0m
  ↳ app/views/movies/index.html.erb:32
  Rendered movies/index.html.erb within layouts/application (Duration: 3.7ms | GC: 0.0ms)
  Rendered layout layouts/application.html.erb (Duration: 5.4ms | GC: 0.0ms)
Completed 200 OK in 15ms (Views: 6.2ms | ActiveRecord: 0.3ms (1 query, 0 cached) | GC: 0.0ms)


Started GET "/movies?ratings%5BG%5D=1&ratings%5BPG%5D=1&ratings%5BPG-13%5D=1&ratings%5BR%5D=1&ratings%5BNC-17%5D=1&sort_by=release_date&commit=Refresh" for 127.0.0.1 at 2026-04-26 14:40:37 -0300
Processing by MoviesController#index as HTML
  Parameters: {"ratings" => {"G" => "1", "PG" => "1", "PG-13" => "1", "R" => "1", "NC-17" => "1"}, "sort_by" => "release_date", "commit" => "Refresh"}
  Rendering layout layouts/application.html.erb
  Rendering movies/index.html.erb within layouts/application
  [1m[36mMovie Load (0.2ms)[0m  [1m[34mSELECT "movies".* FROM "movies" WHERE "movies"."rating" IN ('G', 'PG', 'PG-13', 'R', 'NC-17') ORDER BY release_date /*action='index',application='Roteenpotatoes',controller='movies'*/[0m
  ↳ app/views/movies/index.html.erb:32
  Rendered movies/index.html.erb within layouts/application (Duration: 4.4ms | GC: 0.0ms)
  Rendered layout layouts/application.html.erb (Duration: 6.1ms | GC: 0.0ms)
Completed 200 OK in 16ms (Views: 7.0ms | ActiveRecord: 0.2ms (1 query, 0 cached) | GC: 0.0ms)


Started GET "/movies/new" for 127.0.0.1 at 2026-04-26 14:46:51 -0300
  [1m[36mActiveRecord::SchemaMigration Load (0.3ms)[0m  [1m[34mSELECT "schema_migrations"."version" FROM "schema_migrations" ORDER BY "schema_migrations"."version" ASC /*application='Roteenpotatoes'*/[0m
Processing by MoviesController#new as HTML
  Rendering layout layouts/application.html.erb
  Rendering movies/new.html.erb within layouts/application
  Rendered movies/_form.html.erb (Duration: 31.2ms | GC: 0.0ms)
  Rendered movies/new.html.erb within layouts/application (Duration: 35.1ms | GC: 0.0ms)
  Rendered layout layouts/application.html.erb (Duration: 58.5ms | GC: 0.0ms)
Completed 200 OK in 150ms (Views: 72.1ms | ActiveRecord: 4.2ms (0 queries, 0 cached) | GC: 0.0ms)


Started GET "/movies" for 127.0.0.1 at 2026-04-26 14:46:54 -0300
Processing by MoviesController#index as HTML
Redirected to http://127.0.0.1:3000/movies?ratings%5BG%5D=1&ratings%5BNC-17%5D=1&ratings%5BPG%5D=1&ratings%5BPG-13%5D=1&ratings%5BR%5D=1&sort_by=release_date
↳ app/controllers/movies_controller.rb:33:in 'MoviesController#index'
Completed 302 Found in 10ms (ActiveRecord: 0.0ms (0 queries, 0 cached) | GC: 0.0ms)


Started GET "/movies?ratings%5BG%5D=1&ratings%5BNC-17%5D=1&ratings%5BPG%5D=1&ratings%5BPG-13%5D=1&ratings%5BR%5D=1&sort_by=release_date" for 127.0.0.1 at 2026-04-26 14:46:54 -0300
Processing by MoviesController#index as HTML
  Parameters: {"ratings" => {"G" => "1", "NC-17" => "1", "PG" => "1", "PG-13" => "1", "R" => "1"}, "sort_by" => "release_date"}
  Rendering layout layouts/application.html.erb
  Rendering movies/index.html.erb within layouts/application
  [1m[36mMovie Load (0.4ms)[0m  [1m[34mSELECT "movies".* FROM "movies" WHERE "movies"."rating" IN ('G', 'NC-17', 'PG', 'PG-13', 'R') ORDER BY release_date /*action='index',application='Roteenpotatoes',controller='movies'*/[0m
  ↳ app/views/movies/index.html.erb:32
  Rendered movies/index.html.erb within layouts/application (Duration: 6.3ms | GC: 0.0ms)
  Rendered layout layouts/application.html.erb (Duration: 7.8ms | GC: 0.0ms)
Completed 200 OK in 35ms (Views: 8.4ms | ActiveRecord: 0.4ms (1 query, 0 cached) | GC: 0.0ms)


Started POST "/movies" for 127.0.0.1 at 2026-04-26 14:46:54 -0300
Processing by MoviesController#create as TURBO_STREAM
  Parameters: {"authenticity_token" => "[FILTERED]", "movie" => {"title" => "", "rating" => "G", "release_date(1i)" => "2026", "release_date(2i)" => "4", "release_date(3i)" => "26"}, "commit" => "Save Changes"}
  [1m[36mTRANSACTION (0.1ms)[0m  [1m[35mBEGIN immediate TRANSACTION /*action='create',application='Roteenpotatoes',controller='movies'*/[0m
  ↳ app/controllers/movies_controller.rb:60:in 'MoviesController#create'
  [1m[36mMovie Create (3.0ms)[0m  [1m[32mINSERT INTO "movies" ("title", "rating", "release_date", "created_at", "updated_at") VALUES ('', 'G', '2026-04-26', '2026-04-26 17:46:54.916182', '2026-04-26 17:46:54.916182') RETURNING "id" /*action='create',application='Roteenpotatoes',controller='movies'*/[0m
  ↳ app/controllers/movies_controller.rb:60:in 'MoviesController#create'
  [1m[36mTRANSACTION (2.3ms)[0m  [1m[35mCOMMIT TRANSACTION /*action='create',application='Roteenpotatoes',controller='movies'*/[0m
  ↳ app/controllers/movies_controller.rb:60:in 'MoviesController#create'
Redirected to http://127.0.0.1:3000/movies
↳ app/controllers/movies_controller.rb:62:in 'MoviesController#create'
Completed 302 Found in 24ms (ActiveRecord: 5.4ms (1 query, 0 cached) | GC: 0.0ms)


Started GET "/movies" for 127.0.0.1 at 2026-04-26 14:46:54 -0300
Processing by MoviesController#index as TURBO_STREAM
Redirected to http://127.0.0.1:3000/movies?ratings%5BG%5D=1&ratings%5BNC-17%5D=1&ratings%5BPG%5D=1&ratings%5BPG-13%5D=1&ratings%5BR%5D=1&sort_by=release_date
↳ app/controllers/movies_controller.rb:33:in 'MoviesController#index'
Completed 302 Found in 9ms (ActiveRecord: 0.0ms (0 queries, 0 cached) | GC: 0.0ms)


Started GET "/movies?ratings%5BG%5D=1&ratings%5BNC-17%5D=1&ratings%5BPG%5D=1&ratings%5BPG-13%5D=1&ratings%5BR%5D=1&sort_by=release_date" for 127.0.0.1 at 2026-04-26 14:46:54 -0300
Processing by MoviesController#index as TURBO_STREAM
  Parameters: {"ratings" => {"G" => "1", "NC-17" => "1", "PG" => "1", "PG-13" => "1", "R" => "1"}, "sort_by" => "release_date"}
  Rendering layout layouts/application.html.erb
  Rendering movies/index.html.erb within layouts/application
  [1m[36mMovie Load (0.3ms)[0m  [1m[34mSELECT "movies".* FROM "movies" WHERE "movies"."rating" IN ('G', 'NC-17', 'PG', 'PG-13', 'R') ORDER BY release_date /*action='index',application='Roteenpotatoes',controller='movies'*/[0m
  ↳ app/views/movies/index.html.erb:32
  Rendered movies/index.html.erb within layouts/application (Duration: 5.2ms | GC: 0.0ms)
  Rendered layout layouts/application.html.erb (Duration: 7.5ms | GC: 0.0ms)
Completed 200 OK in 20ms (Views: 8.9ms | ActiveRecord: 0.3ms (1 query, 0 cached) | GC: 0.0ms)


Started GET "/movies/3/edit" for 127.0.0.1 at 2026-04-26 14:46:58 -0300
Processing by MoviesController#edit as HTML
  Parameters: {"id" => "3"}
  [1m[36mMovie Load (0.1ms)[0m  [1m[34mSELECT "movies".* FROM "movies" WHERE "movies"."id" = 3 LIMIT 1 /*action='edit',application='Roteenpotatoes',controller='movies'*/[0m
  ↳ app/controllers/movies_controller.rb:82:in 'MoviesController#set_movie'
  Rendering layout layouts/application.html.erb
  Rendering movies/edit.html.erb within layouts/application
  Rendered movies/_form.html.erb (Duration: 1.7ms | GC: 0.0ms)
  Rendered movies/edit.html.erb within layouts/application (Duration: 3.2ms | GC: 0.0ms)
  Rendered layout layouts/application.html.erb (Duration: 4.7ms | GC: 0.0ms)
Completed 200 OK in 19ms (Views: 6.0ms | ActiveRecord: 0.1ms (1 query, 0 cached) | GC: 0.0ms)


Started GET "/movies" for 127.0.0.1 at 2026-04-26 14:46:59 -0300
Processing by MoviesController#index as HTML
Redirected to http://127.0.0.1:3000/movies?ratings%5BG%5D=1&ratings%5BNC-17%5D=1&ratings%5BPG%5D=1&ratings%5BPG-13%5D=1&ratings%5BR%5D=1&sort_by=release_date
↳ app/controllers/movies_controller.rb:33:in 'MoviesController#index'
Completed 302 Found in 12ms (ActiveRecord: 0.0ms (0 queries, 0 cached) | GC: 0.0ms)


Started GET "/movies?ratings%5BG%5D=1&ratings%5BNC-17%5D=1&ratings%5BPG%5D=1&ratings%5BPG-13%5D=1&ratings%5BR%5D=1&sort_by=release_date" for 127.0.0.1 at 2026-04-26 14:46:59 -0300
Processing by MoviesController#index as HTML
  Parameters: {"ratings" => {"G" => "1", "NC-17" => "1", "PG" => "1", "PG-13" => "1", "R" => "1"}, "sort_by" => "release_date"}
  Rendering layout layouts/application.html.erb
  Rendering movies/index.html.erb within layouts/application
  [1m[36mMovie Load (0.6ms)[0m  [1m[34mSELECT "movies".* FROM "movies" WHERE "movies"."rating" IN ('G', 'NC-17', 'PG', 'PG-13', 'R') ORDER BY release_date /*action='index',application='Roteenpotatoes',controller='movies'*/[0m
  ↳ app/views/movies/index.html.erb:32
  Rendered movies/index.html.erb within layouts/application (Duration: 5.5ms | GC: 0.0ms)
  Rendered layout layouts/application.html.erb (Duration: 7.1ms | GC: 0.0ms)
Completed 200 OK in 15ms (Views: 7.7ms | ActiveRecord: 0.6ms (1 query, 0 cached) | GC: 0.0ms)


Started GET "/movies" for 127.0.0.1 at 2026-04-26 14:46:59 -0300
Processing by MoviesController#index as HTML
Redirected to http://127.0.0.1:3000/movies?ratings%5BG%5D=1&ratings%5BNC-17%5D=1&ratings%5BPG%5D=1&ratings%5BPG-13%5D=1&ratings%5BR%5D=1&sort_by=release_date
↳ app/controllers/movies_controller.rb:33:in 'MoviesController#index'
Completed 302 Found in 10ms (ActiveRecord: 0.0ms (0 queries, 0 cached) | GC: 0.0ms)


Started GET "/movies?ratings%5BG%5D=1&ratings%5BNC-17%5D=1&ratings%5BPG%5D=1&ratings%5BPG-13%5D=1&ratings%5BR%5D=1&sort_by=release_date" for 127.0.0.1 at 2026-04-26 14:46:59 -0300
Processing by MoviesController#index as HTML
  Parameters: {"ratings" => {"G" => "1", "NC-17" => "1", "PG" => "1", "PG-13" => "1", "R" => "1"}, "sort_by" => "release_date"}
  Rendering layout layouts/application.html.erb
  Rendering movies/index.html.erb within layouts/application
  [1m[36mMovie Load (0.3ms)[0m  [1m[34mSELECT "movies".* FROM "movies" WHERE "movies"."rating" IN ('G', 'NC-17', 'PG', 'PG-13', 'R') ORDER BY release_date /*action='index',application='Roteenpotatoes',controller='movies'*/[0m
  ↳ app/views/movies/index.html.erb:32
  Rendered movies/index.html.erb within layouts/application (Duration: 5.9ms | GC: 0.0ms)
  Rendered layout layouts/application.html.erb (Duration: 9.0ms | GC: 0.0ms)
Completed 200 OK in 18ms (Views: 10.9ms | ActiveRecord: 0.3ms (1 query, 0 cached) | GC: 0.0ms)


Started GET "/movies" for 127.0.0.1 at 2026-04-26 14:47:00 -0300
Processing by MoviesController#index as HTML
Redirected to http://127.0.0.1:3000/movies?ratings%5BG%5D=1&ratings%5BNC-17%5D=1&ratings%5BPG%5D=1&ratings%5BPG-13%5D=1&ratings%5BR%5D=1&sort_by=release_date
↳ app/controllers/movies_controller.rb:33:in 'MoviesController#index'
Completed 302 Found in 11ms (ActiveRecord: 0.0ms (0 queries, 0 cached) | GC: 0.0ms)


Started GET "/movies?ratings%5BG%5D=1&ratings%5BNC-17%5D=1&ratings%5BPG%5D=1&ratings%5BPG-13%5D=1&ratings%5BR%5D=1&sort_by=release_date" for 127.0.0.1 at 2026-04-26 14:47:00 -0300
Processing by MoviesController#index as HTML
  Parameters: {"ratings" => {"G" => "1", "NC-17" => "1", "PG" => "1", "PG-13" => "1", "R" => "1"}, "sort_by" => "release_date"}
  Rendering layout layouts/application.html.erb
  Rendering movies/index.html.erb within layouts/application
  [1m[36mMovie Load (0.2ms)[0m  [1m[34mSELECT "movies".* FROM "movies" WHERE "movies"."rating" IN ('G', 'NC-17', 'PG', 'PG-13', 'R') ORDER BY release_date /*action='index',application='Roteenpotatoes',controller='movies'*/[0m
  ↳ app/views/movies/index.html.erb:32
  Rendered movies/index.html.erb within layouts/application (Duration: 3.3ms | GC: 0.0ms)
  Rendered layout layouts/application.html.erb (Duration: 4.9ms | GC: 0.0ms)
Completed 200 OK in 14ms (Views: 5.8ms | ActiveRecord: 0.2ms (1 query, 0 cached) | GC: 0.0ms)


Started GET "/movies/new" for 127.0.0.1 at 2026-04-26 14:47:01 -0300
Processing by MoviesController#new as HTML
  Rendering layout layouts/application.html.erb
  Rendering movies/new.html.erb within layouts/application
  Rendered movies/_form.html.erb (Duration: 2.8ms | GC: 0.0ms)
  Rendered movies/new.html.erb within layouts/application (Duration: 3.7ms | GC: 0.0ms)
  Rendered layout layouts/application.html.erb (Duration: 6.4ms | GC: 0.0ms)
Completed 200 OK in 21ms (Views: 9.2ms | ActiveRecord: 0.0ms (0 queries, 0 cached) | GC: 0.0ms)


Started DELETE "/movies/3?_method=delete" for 127.0.0.1 at 2026-04-26 14:47:03 -0300
Processing by MoviesController#destroy as TURBO_STREAM
  Parameters: {"id" => "3"}
  [1m[36mMovie Load (0.2ms)[0m  [1m[34mSELECT "movies".* FROM "movies" WHERE "movies"."id" = 3 LIMIT 1 /*action='destroy',application='Roteenpotatoes',controller='movies'*/[0m
  ↳ app/controllers/movies_controller.rb:82:in 'MoviesController#set_movie'
  [1m[36mTRANSACTION (0.1ms)[0m  [1m[35mBEGIN immediate TRANSACTION /*action='destroy',application='Roteenpotatoes',controller='movies'*/[0m
  ↳ app/controllers/movies_controller.rb:74:in 'MoviesController#destroy'
  [1m[36mMovie Destroy (2.9ms)[0m  [1m[31mDELETE FROM "movies" WHERE "movies"."id" = 3 /*action='destroy',application='Roteenpotatoes',controller='movies'*/[0m
  ↳ app/controllers/movies_controller.rb:74:in 'MoviesController#destroy'
  [1m[36mTRANSACTION (0.2ms)[0m  [1m[35mCOMMIT TRANSACTION /*action='destroy',application='Roteenpotatoes',controller='movies'*/[0m
  ↳ app/controllers/movies_controller.rb:74:in 'MoviesController#destroy'
Redirected to http://127.0.0.1:3000/movies
↳ app/controllers/movies_controller.rb:76:in 'MoviesController#destroy'
Completed 302 Found in 19ms (ActiveRecord: 3.3ms (2 queries, 0 cached) | GC: 0.0ms)


Started GET "/movies" for 127.0.0.1 at 2026-04-26 14:47:03 -0300
Processing by MoviesController#index as TURBO_STREAM
Redirected to http://127.0.0.1:3000/movies?ratings%5BG%5D=1&ratings%5BNC-17%5D=1&ratings%5BPG%5D=1&ratings%5BPG-13%5D=1&ratings%5BR%5D=1&sort_by=release_date
↳ app/controllers/movies_controller.rb:33:in 'MoviesController#index'
Completed 302 Found in 7ms (ActiveRecord: 0.0ms (0 queries, 0 cached) | GC: 0.0ms)


Started GET "/movies?ratings%5BG%5D=1&ratings%5BNC-17%5D=1&ratings%5BPG%5D=1&ratings%5BPG-13%5D=1&ratings%5BR%5D=1&sort_by=release_date" for 127.0.0.1 at 2026-04-26 14:47:03 -0300
Processing by MoviesController#index as TURBO_STREAM
  Parameters: {"ratings" => {"G" => "1", "NC-17" => "1", "PG" => "1", "PG-13" => "1", "R" => "1"}, "sort_by" => "release_date"}
  Rendering layout layouts/application.html.erb
  Rendering movies/index.html.erb within layouts/application
  [1m[36mMovie Load (0.2ms)[0m  [1m[34mSELECT "movies".* FROM "movies" WHERE "movies"."rating" IN ('G', 'NC-17', 'PG', 'PG-13', 'R') ORDER BY release_date /*action='index',application='Roteenpotatoes',controller='movies'*/[0m
  ↳ app/views/movies/index.html.erb:32
  Rendered movies/index.html.erb within layouts/application (Duration: 3.9ms | GC: 0.0ms)
  Rendered layout layouts/application.html.erb (Duration: 5.3ms | GC: 0.0ms)
Completed 200 OK in 14ms (Views: 6.2ms | ActiveRecord: 0.2ms (1 query, 0 cached) | GC: 0.0ms)


Started GET "/movies/new" for 127.0.0.1 at 2026-04-26 14:47:04 -0300
Processing by MoviesController#new as HTML
  Rendering layout layouts/application.html.erb
  Rendering movies/new.html.erb within layouts/application
  Rendered movies/_form.html.erb (Duration: 1.8ms | GC: 0.0ms)
  Rendered movies/new.html.erb within layouts/application (Duration: 2.4ms | GC: 0.0ms)
  Rendered layout layouts/application.html.erb (Duration: 4.3ms | GC: 0.0ms)
Completed 200 OK in 13ms (Views: 5.7ms | ActiveRecord: 0.0ms (0 queries, 0 cached) | GC: 0.0ms)


  [1m[36mActiveRecord::SchemaMigration Load (0.4ms)[0m  [1m[34mSELECT "schema_migrations"."version" FROM "schema_migrations" ORDER BY "schema_migrations"."version" ASC /*application='Roteenpotatoes'*/[0m
  [1m[36mCACHE ActiveRecord::SchemaMigration Load (0.0ms)[0m  [1m[34mSELECT "schema_migrations"."version" FROM "schema_migrations" ORDER BY "schema_migrations"."version" ASC[0m
  [1m[36mCACHE ActiveRecord::SchemaMigration Load (0.0ms)[0m  [1m[34mSELECT "schema_migrations"."version" FROM "schema_migrations" ORDER BY "schema_migrations"."version" ASC[0m
  [1m[36mCACHE ActiveRecord::SchemaMigration Load (0.0ms)[0m  [1m[34mSELECT "schema_migrations"."version" FROM "schema_migrations" ORDER BY "schema_migrations"."version" ASC[0m
  [1m[36mCACHE ActiveRecord::SchemaMigration Load (0.0ms)[0m  [1m[34mSELECT "schema_migrations"."version" FROM "schema_migrations" ORDER BY "schema_migrations"."version" ASC[0m
  [1m[36mActiveRecord::SchemaMigration Load (0.3ms)[0m  [1m[34mSELECT "schema_migrations"."version" FROM "schema_migrations" ORDER BY "schema_migrations"."version" ASC /*application='Roteenpotatoes'*/[0m
  [1m[36mActiveRecord::InternalMetadata Load (0.5ms)[0m  [1m[34mSELECT * FROM "ar_internal_metadata" WHERE "ar_internal_metadata"."key" = 'environment' ORDER BY "ar_internal_metadata"."key" ASC LIMIT 1 /*application='Roteenpotatoes'*/[0m
  [1m[36mActiveRecord::SchemaMigration Load (0.2ms)[0m  [1m[34mSELECT "schema_migrations"."version" FROM "schema_migrations" ORDER BY "schema_migrations"."version" ASC /*application='Roteenpotatoes'*/[0m
Migrating to AddDirectorToMovies (20260502003224)
  [1m[36mTRANSACTION (0.1ms)[0m  [1m[35mBEGIN immediate TRANSACTION /*application='Roteenpotatoes'*/[0m
  [1m[35m (3.2ms)[0m  [1m[35mALTER TABLE "movies" ADD "director" varchar /*application='Roteenpotatoes'*/[0m
  [1m[36mActiveRecord::SchemaMigration Create (0.3ms)[0m  [1m[32mINSERT INTO "schema_migrations" ("version") VALUES ('20260502003224') RETURNING "version" /*application='Roteenpotatoes'*/[0m
  [1m[36mTRANSACTION (2.0ms)[0m  [1m[35mCOMMIT TRANSACTION /*application='Roteenpotatoes'*/[0m
  [1m[36mActiveRecord::SchemaMigration Load (0.1ms)[0m  [1m[34mSELECT "schema_migrations"."version" FROM "schema_migrations" ORDER BY "schema_migrations"."version" ASC /*application='Roteenpotatoes'*/[0m
